<?xml version="1.0" encoding="UTF-8"?>
<testng-results skipped="0" failed="0" ignored="0" total="1" passed="1">
  <reporter-output>
  </reporter-output>
  <suite name="Default suite" duration-ms="17012" started-at="2020-12-18T16:43:22 CST" finished-at="2020-12-18T16:43:39 CST">
    <groups>
    </groups>
    <test name="Default test" duration-ms="17012" started-at="2020-12-18T16:43:22 CST" finished-at="2020-12-18T16:43:39 CST">
      <class name="test.AddCustomerTest">
        <test-method status="PASS" signature="validusershouldbeabletocreateAddCustomer()[pri:0, instance:test.AddCustomerTest@702657cc]" name="validusershouldbeabletocreateAddCustomer" duration-ms="16986" started-at="2020-12-18T16:43:22 CST" finished-at="2020-12-18T16:43:39 CST">
          <reporter-output>
          </reporter-output>
        </test-method> <!-- validusershouldbeabletocreateAddCustomer -->
      </class> <!-- test.AddCustomerTest -->
    </test> <!-- Default test -->
  </suite> <!-- Default suite -->
</testng-results>
